castor-recon() -> Launch reconstruction from CASToR version 3.1.
sOutputManager::LogCommandLine() -> Write command line into the log file
==================================================================================================
                                      COMMAND LINE CONTEXT
==================================================================================================
Command line: castor-recon -df data_eff10/data_eff10.cdh -dout castor_output -dim 128,128,1 -vox 4,4,4 -vb 3 -it 60:1 -proj incrementalSiddon -opti MLEM -th 0 -osens -oit -1 
Working directory: /home/meraslia/sgld/hernan_folder/simu_mmr
Data of execution: Tue Sep  7 18:50:48 2021
Float numbers precision in bytes (for matrices and some computations): 4
Float numbers precision in bytes (for sensitive computations that require at least double precision): 8
Float numbers precision in bytes (for datafile reading/writing): 4
Float numbers precision in bytes (for scanner LUT reading/writing): 4
CASToR version: 3.1
==================================================================================================
sScannerManager::FindScannerSystem() -> Search for scanner PET_SIEMENS_MMR_2D in the configuration directory
sScannerManager::GetAvailableScanners() -> Scan the scanner configuration directory
  --> matched custom LUT for the scanner system: PET_SIEMENS_MMR_2D.hscan
sScannerManager::BuildScannerObject() -> Start building
sScannerManager::InstantiateScanner() -> Instantiate the scanner geometry structure
iScannerPET::Instantiate() -> Create scanner structure and read parameters from configuration file
sScannerManager::GetGeometricInfoFromDataFile() -> Look for acquisition specific settings into datafile header
iScannerPET::GetGeometricInfoFromDataFile() -> Specific to PET
sScannerManager::BuildLUT() -> Generate the geometric Look-Up Table
iScannerPET::BuildLUT() -> Build LUT for scanner elements coordinates and orientations
iScannerPET::LoadLUT() -> Start loading LUT from user-provided file
  --> LUT successfully loaded
sScannerManager::Initialize() -> From scanner PET_SIEMENS_MMR_2D
iScannerPET::Initialize() -> Initialize remaining stuff for scanner to be ready
oImageDimensionsAndQuantification::Initialize() -> Initialize image dimensions, basis functions and quantification
  --> Image dimensions: [128;128;1] voxels of [4.0000000e+00;4.0000000e+00;4.0000000e+00] mm3
  --> FOV size: [5.1200000e+02;5.1200000e+02;4.0000000e+00] mm3
  --> Number of parallel threads: 64
sRandomNumberGenerator::Initialize ...
sRandomNumberGenerator::Initialize() -> Seed for thread 0 : 3808581818
sRandomNumberGenerator::Initialize() -> Seed for thread 1 : 2731088440
sRandomNumberGenerator::Initialize() -> Seed for thread 2 : 4065630542
sRandomNumberGenerator::Initialize() -> Seed for thread 3 : 837210908
sRandomNumberGenerator::Initialize() -> Seed for thread 4 : 2149242578
sRandomNumberGenerator::Initialize() -> Seed for thread 5 : 1840022585
sRandomNumberGenerator::Initialize() -> Seed for thread 6 : 2274133880
sRandomNumberGenerator::Initialize() -> Seed for thread 7 : 3832455605
sRandomNumberGenerator::Initialize() -> Seed for thread 8 : 404857585
sRandomNumberGenerator::Initialize() -> Seed for thread 9 : 2398076601
sRandomNumberGenerator::Initialize() -> Seed for thread 10 : 1509590499
sRandomNumberGenerator::Initialize() -> Seed for thread 11 : 2324257781
sRandomNumberGenerator::Initialize() -> Seed for thread 12 : 2111247780
sRandomNumberGenerator::Initialize() -> Seed for thread 13 : 1769131086
sRandomNumberGenerator::Initialize() -> Seed for thread 14 : 2835178444
sRandomNumberGenerator::Initialize() -> Seed for thread 15 : 97129774
sRandomNumberGenerator::Initialize() -> Seed for thread 16 : 2213944755
sRandomNumberGenerator::Initialize() -> Seed for thread 17 : 1589605284
sRandomNumberGenerator::Initialize() -> Seed for thread 18 : 2816279229
sRandomNumberGenerator::Initialize() -> Seed for thread 19 : 3419933616
sRandomNumberGenerator::Initialize() -> Seed for thread 20 : 978085057
sRandomNumberGenerator::Initialize() -> Seed for thread 21 : 831334086
sRandomNumberGenerator::Initialize() -> Seed for thread 22 : 2328112550
sRandomNumberGenerator::Initialize() -> Seed for thread 23 : 3161044039
sRandomNumberGenerator::Initialize() -> Seed for thread 24 : 1220306520
sRandomNumberGenerator::Initialize() -> Seed for thread 25 : 524033744
sRandomNumberGenerator::Initialize() -> Seed for thread 26 : 4089237980
sRandomNumberGenerator::Initialize() -> Seed for thread 27 : 2960068374
sRandomNumberGenerator::Initialize() -> Seed for thread 28 : 2967503709
sRandomNumberGenerator::Initialize() -> Seed for thread 29 : 2708296932
sRandomNumberGenerator::Initialize() -> Seed for thread 30 : 681009663
sRandomNumberGenerator::Initialize() -> Seed for thread 31 : 4224641251
sRandomNumberGenerator::Initialize() -> Seed for thread 32 : 3746879290
sRandomNumberGenerator::Initialize() -> Seed for thread 33 : 4277531294
sRandomNumberGenerator::Initialize() -> Seed for thread 34 : 2537373627
sRandomNumberGenerator::Initialize() -> Seed for thread 35 : 2528919861
sRandomNumberGenerator::Initialize() -> Seed for thread 36 : 3522364432
sRandomNumberGenerator::Initialize() -> Seed for thread 37 : 1468489789
sRandomNumberGenerator::Initialize() -> Seed for thread 38 : 3748489022
sRandomNumberGenerator::Initialize() -> Seed for thread 39 : 1572072028
sRandomNumberGenerator::Initialize() -> Seed for thread 40 : 4073555953
sRandomNumberGenerator::Initialize() -> Seed for thread 41 : 3913745098
sRandomNumberGenerator::Initialize() -> Seed for thread 42 : 81407366
sRandomNumberGenerator::Initialize() -> Seed for thread 43 : 2619498158
sRandomNumberGenerator::Initialize() -> Seed for thread 44 : 1441869368
sRandomNumberGenerator::Initialize() -> Seed for thread 45 : 1888137461
sRandomNumberGenerator::Initialize() -> Seed for thread 46 : 3795900596
sRandomNumberGenerator::Initialize() -> Seed for thread 47 : 3276086829
sRandomNumberGenerator::Initialize() -> Seed for thread 48 : 1724361288
sRandomNumberGenerator::Initialize() -> Seed for thread 49 : 261862004
sRandomNumberGenerator::Initialize() -> Seed for thread 50 : 3784385
sRandomNumberGenerator::Initialize() -> Seed for thread 51 : 2477470697
sRandomNumberGenerator::Initialize() -> Seed for thread 52 : 2940497641
sRandomNumberGenerator::Initialize() -> Seed for thread 53 : 1911216538
sRandomNumberGenerator::Initialize() -> Seed for thread 54 : 4272630555
sRandomNumberGenerator::Initialize() -> Seed for thread 55 : 1232054697
sRandomNumberGenerator::Initialize() -> Seed for thread 56 : 2141131978
sRandomNumberGenerator::Initialize() -> Seed for thread 57 : 221755344
sRandomNumberGenerator::Initialize() -> Seed for thread 58 : 3220334983
sRandomNumberGenerator::Initialize() -> Seed for thread 59 : 1719757574
sRandomNumberGenerator::Initialize() -> Seed for thread 60 : 1074911561
sRandomNumberGenerator::Initialize() -> Seed for thread 61 : 2401147356
sRandomNumberGenerator::Initialize() -> Seed for thread 62 : 4038439516
sRandomNumberGenerator::Initialize() -> Seed for thread 63 : 2345237733
vDataFile::ReadInfoInHeader() -> Read datafile header from 'data_eff10/data_eff10.cdh ...'
oImageDimensionsAndQuantification::SetAcquisitionTime() -> Static single bed acquisition with duration [ 0.0000000e+00 : 1.0000000e+00 ] seconds
  --> Correct for frame duration
iDataFilePET::ReadSpecificInfoInHeader() -> Read information specific to PET
oImageDimensionsAndQuantification::SetPETIsotope() -> Isotope INF has infinite half life and 1.0000000e+00 branching ratio
  --> Correct for branching ratio
oImageDimensionsAndQuantification::SetCalibrationFactor() -> Correct for following calibration factor: 7.6182501e+02
vDataFile::CheckParameters() -> Check mandatory parameters
iDataFilePET::ComputeSizeEvent() -> In bytes
  --> Event size = 32 bytes
vDataFile::InitializeMappedFile() -> Map datafile to memory
iDataFilePET::PrepareDataFile() -> Build histogram events
  --> Allocating an event buffer for each thread
  --> Correct for attenuation
  --> Correct for normalization
  --> Correct for scatter events
  --> Correct for random events
oDynamicDataManager::InitDynamicData() -> Initialize dynamic data management
oDynamicDataManager::CheckParameters() -> Check parameters for dynamic data settings
oDynamicDataManager::SetDynamicSpecificQuantificationFactors() ... 
oProjectorManager::Initialize() -> Initialize projectors and projection lines
iProjectorIncrementalSiddon::InitializeSpecific() -> Use incremental Siddon projector
vProjector::Initialize() -> Exit function
----- Dynamic model: No parameters given - setting diagonal basis functions !
oOptimizerManager::Initialize() -> Initialize optimizer and penalty
iOptimizerMLEM::InitializeSpecific() -> Use the MLEM optimizer
  --> Initial image value: 1.0000000e+00
  --> Data space denominator threshold: 1.0000000e-10
  --> Minimum image update factor: 9.9999998e-03
sChronoManager::Initialize() -> Initialize all duration counters for profiling
vAlgorithm::SetNbIterationsAndSubsets() ->  Selected numbers of subsets for each iteration:
  Iteration / number of subsets 
    1  /  1
    2  /  1
    3  /  1
    4  /  1
    5  /  1
    6  /  1
    7  /  1
    8  /  1
    9  /  1
    10  /  1
    11  /  1
    12  /  1
    13  /  1
    14  /  1
    15  /  1
    16  /  1
    17  /  1
    18  /  1
    19  /  1
    20  /  1
    21  /  1
    22  /  1
    23  /  1
    24  /  1
    25  /  1
    26  /  1
    27  /  1
    28  /  1
    29  /  1
    30  /  1
    31  /  1
    32  /  1
    33  /  1
    34  /  1
    35  /  1
    36  /  1
    37  /  1
    38  /  1
    39  /  1
    40  /  1
    41  /  1
    42  /  1
    43  /  1
    44  /  1
    45  /  1
    46  /  1
    47  /  1
    48  /  1
    49  /  1
    50  /  1
    51  /  1
    52  /  1
    53  /  1
    54  /  1
    55  /  1
    56  /  1
    57  /  1
    58  /  1
    59  /  1
    60  /  1
vAlgorithm::SetOutputIterations ...
iIterativeAlgorithm::InitSpecificOptions ... 
vAlgorithm::Iterate ...
vAlgorithm::IterateCPU() -> Start algorithm for 60 iterations
vAlgorithm::StepBeforeIterationLoop ... 
oImageSpace::InstantiateImage() -> Initialize to 0.
oImageSpace::InstantiateForwardImage() -> Initialize to 0.
oImageSpace::InstantiateSensitivityImage() -> For all threads
oImageSpace::InstantiateOutputImage ...
oImageSpace::InstantiateVisitedVoxelsImage ...
oImageSpace::InitSensitivityImage ...
iIterativeAlgorithm::StepBeforeIterationLoop ... 
oImageSpace::InstantiateBackwardImageFromDynamicBasis() -> Initialize to 0.
oImageSpace::InitImage ...
iIterativeAlgorithm::StepBeforeSubsetLoop ... 
vAlgorithm::IterateCPU() -> Start iteration 1/60 subset 1/1
iIterativeAlgorithm::StepPreProcessInsideSubsetLoop ... 
oImageSpace::InitBackwardImage ...
oImageSpace::PrepareForwardImage ...
iIterativeAlgorithm::StepInnerLoopInsideSubsetLoop() -> Start loop over events
iIterativeAlgorithm::StepPostProcessInsideSubsetLoop ... 
oImageSpace::Reduce() -> Merge parallel results
  --> Over threads ...
oOptimizerManager::ImageUpdateStep() -> Proceed to image update
vOptimizer::UpdateVisitedVoxels() -> Tick visited voxels based on sensitivity
vOptimizer::ImageUpdateStep() -> Start image update
vAlgorithm::IterateCPU() -> Time spent for subset 1 | User: 0 sec | CPU: 7.6555002e-01 sec
iIterativeAlgorithm::StepAfterSubsetLoop() -> Clean never visited voxels and save images if needed
oImageSpace::CleanNeverVisitedVoxels ...
iIterativeAlgorithm::StepBeforeSubsetLoop ... 
vAlgorithm::IterateCPU() -> Start iteration 2/60 subset 1/1
iIterativeAlgorithm::StepPreProcessInsideSubsetLoop ... 
oImageSpace::InitBackwardImage ...
oImageSpace::PrepareForwardImage ...
iIterativeAlgorithm::StepInnerLoopInsideSubsetLoop() -> Start loop over events
iIterativeAlgorithm::StepPostProcessInsideSubsetLoop ... 
oImageSpace::Reduce() -> Merge parallel results
  --> Over threads ...
oOptimizerManager::ImageUpdateStep() -> Proceed to image update
vOptimizer::UpdateVisitedVoxels() -> Tick visited voxels based on sensitivity
vOptimizer::ImageUpdateStep() -> Start image update
vAlgorithm::IterateCPU() -> Time spent for subset 1 | User: 0 sec | CPU: 1.1953230e+00 sec
iIterativeAlgorithm::StepAfterSubsetLoop() -> Clean never visited voxels and save images if needed
oImageSpace::CleanNeverVisitedVoxels ...
iIterativeAlgorithm::StepBeforeSubsetLoop ... 
vAlgorithm::IterateCPU() -> Start iteration 3/60 subset 1/1
iIterativeAlgorithm::StepPreProcessInsideSubsetLoop ... 
oImageSpace::InitBackwardImage ...
oImageSpace::PrepareForwardImage ...
iIterativeAlgorithm::StepInnerLoopInsideSubsetLoop() -> Start loop over events
iIterativeAlgorithm::StepPostProcessInsideSubsetLoop ... 
oImageSpace::Reduce() -> Merge parallel results
  --> Over threads ...
oOptimizerManager::ImageUpdateStep() -> Proceed to image update
vOptimizer::UpdateVisitedVoxels() -> Tick visited voxels based on sensitivity
vOptimizer::ImageUpdateStep() -> Start image update
vAlgorithm::IterateCPU() -> Time spent for subset 1 | User: 0 sec | CPU: 7.6735699e-01 sec
iIterativeAlgorithm::StepAfterSubsetLoop() -> Clean never visited voxels and save images if needed
oImageSpace::CleanNeverVisitedVoxels ...
iIterativeAlgorithm::StepBeforeSubsetLoop ... 
vAlgorithm::IterateCPU() -> Start iteration 4/60 subset 1/1
iIterativeAlgorithm::StepPreProcessInsideSubsetLoop ... 
oImageSpace::InitBackwardImage ...
oImageSpace::PrepareForwardImage ...
iIterativeAlgorithm::StepInnerLoopInsideSubsetLoop() -> Start loop over events
iIterativeAlgorithm::StepPostProcessInsideSubsetLoop ... 
oImageSpace::Reduce() -> Merge parallel results
  --> Over threads ...
oOptimizerManager::ImageUpdateStep() -> Proceed to image update
vOptimizer::UpdateVisitedVoxels() -> Tick visited voxels based on sensitivity
vOptimizer::ImageUpdateStep() -> Start image update
vAlgorithm::IterateCPU() -> Time spent for subset 1 | User: 0 sec | CPU: 9.8069000e-01 sec
iIterativeAlgorithm::StepAfterSubsetLoop() -> Clean never visited voxels and save images if needed
oImageSpace::CleanNeverVisitedVoxels ...
iIterativeAlgorithm::StepBeforeSubsetLoop ... 
vAlgorithm::IterateCPU() -> Start iteration 5/60 subset 1/1
iIterativeAlgorithm::StepPreProcessInsideSubsetLoop ... 
oImageSpace::InitBackwardImage ...
oImageSpace::PrepareForwardImage ...
iIterativeAlgorithm::StepInnerLoopInsideSubsetLoop() -> Start loop over events
iIterativeAlgorithm::StepPostProcessInsideSubsetLoop ... 
oImageSpace::Reduce() -> Merge parallel results
  --> Over threads ...
oOptimizerManager::ImageUpdateStep() -> Proceed to image update
vOptimizer::UpdateVisitedVoxels() -> Tick visited voxels based on sensitivity
vOptimizer::ImageUpdateStep() -> Start image update
vAlgorithm::IterateCPU() -> Time spent for subset 1 | User: 0 sec | CPU: 2.5632670e+00 sec
iIterativeAlgorithm::StepAfterSubsetLoop() -> Clean never visited voxels and save images if needed
oImageSpace::CleanNeverVisitedVoxels ...
iIterativeAlgorithm::StepBeforeSubsetLoop ... 
vAlgorithm::IterateCPU() -> Start iteration 6/60 subset 1/1
iIterativeAlgorithm::StepPreProcessInsideSubsetLoop ... 
oImageSpace::InitBackwardImage ...
oImageSpace::PrepareForwardImage ...
iIterativeAlgorithm::StepInnerLoopInsideSubsetLoop() -> Start loop over events
iIterativeAlgorithm::StepPostProcessInsideSubsetLoop ... 
oImageSpace::Reduce() -> Merge parallel results
  --> Over threads ...
oOptimizerManager::ImageUpdateStep() -> Proceed to image update
vOptimizer::UpdateVisitedVoxels() -> Tick visited voxels based on sensitivity
vOptimizer::ImageUpdateStep() -> Start image update
vAlgorithm::IterateCPU() -> Time spent for subset 1 | User: 0 sec | CPU: 3.6598880e+00 sec
iIterativeAlgorithm::StepAfterSubsetLoop() -> Clean never visited voxels and save images if needed
oImageSpace::CleanNeverVisitedVoxels ...
iIterativeAlgorithm::StepBeforeSubsetLoop ... 
vAlgorithm::IterateCPU() -> Start iteration 7/60 subset 1/1
iIterativeAlgorithm::StepPreProcessInsideSubsetLoop ... 
oImageSpace::InitBackwardImage ...
oImageSpace::PrepareForwardImage ...
iIterativeAlgorithm::StepInnerLoopInsideSubsetLoop() -> Start loop over events
iIterativeAlgorithm::StepPostProcessInsideSubsetLoop ... 
oImageSpace::Reduce() -> Merge parallel results
  --> Over threads ...
oOptimizerManager::ImageUpdateStep() -> Proceed to image update
vOptimizer::UpdateVisitedVoxels() -> Tick visited voxels based on sensitivity
vOptimizer::ImageUpdateStep() -> Start image update
vAlgorithm::IterateCPU() -> Time spent for subset 1 | User: 1 sec | CPU: 2.7530789e+00 sec
iIterativeAlgorithm::StepAfterSubsetLoop() -> Clean never visited voxels and save images if needed
oImageSpace::CleanNeverVisitedVoxels ...
iIterativeAlgorithm::StepBeforeSubsetLoop ... 
vAlgorithm::IterateCPU() -> Start iteration 8/60 subset 1/1
iIterativeAlgorithm::StepPreProcessInsideSubsetLoop ... 
oImageSpace::InitBackwardImage ...
oImageSpace::PrepareForwardImage ...
iIterativeAlgorithm::StepInnerLoopInsideSubsetLoop() -> Start loop over events
iIterativeAlgorithm::StepPostProcessInsideSubsetLoop ... 
oImageSpace::Reduce() -> Merge parallel results
  --> Over threads ...
oOptimizerManager::ImageUpdateStep() -> Proceed to image update
vOptimizer::UpdateVisitedVoxels() -> Tick visited voxels based on sensitivity
vOptimizer::ImageUpdateStep() -> Start image update
vAlgorithm::IterateCPU() -> Time spent for subset 1 | User: 0 sec | CPU: 2.5551391e+00 sec
iIterativeAlgorithm::StepAfterSubsetLoop() -> Clean never visited voxels and save images if needed
oImageSpace::CleanNeverVisitedVoxels ...
iIterativeAlgorithm::StepBeforeSubsetLoop ... 
vAlgorithm::IterateCPU() -> Start iteration 9/60 subset 1/1
iIterativeAlgorithm::StepPreProcessInsideSubsetLoop ... 
oImageSpace::InitBackwardImage ...
oImageSpace::PrepareForwardImage ...
iIterativeAlgorithm::StepInnerLoopInsideSubsetLoop() -> Start loop over events
iIterativeAlgorithm::StepPostProcessInsideSubsetLoop ... 
oImageSpace::Reduce() -> Merge parallel results
  --> Over threads ...
oOptimizerManager::ImageUpdateStep() -> Proceed to image update
vOptimizer::UpdateVisitedVoxels() -> Tick visited voxels based on sensitivity
vOptimizer::ImageUpdateStep() -> Start image update
vAlgorithm::IterateCPU() -> Time spent for subset 1 | User: 0 sec | CPU: 3.6070690e+00 sec
iIterativeAlgorithm::StepAfterSubsetLoop() -> Clean never visited voxels and save images if needed
oImageSpace::CleanNeverVisitedVoxels ...
iIterativeAlgorithm::StepBeforeSubsetLoop ... 
vAlgorithm::IterateCPU() -> Start iteration 10/60 subset 1/1
iIterativeAlgorithm::StepPreProcessInsideSubsetLoop ... 
oImageSpace::InitBackwardImage ...
oImageSpace::PrepareForwardImage ...
iIterativeAlgorithm::StepInnerLoopInsideSubsetLoop() -> Start loop over events
iIterativeAlgorithm::StepPostProcessInsideSubsetLoop ... 
oImageSpace::Reduce() -> Merge parallel results
  --> Over threads ...
oOptimizerManager::ImageUpdateStep() -> Proceed to image update
vOptimizer::UpdateVisitedVoxels() -> Tick visited voxels based on sensitivity
vOptimizer::ImageUpdateStep() -> Start image update
vAlgorithm::IterateCPU() -> Time spent for subset 1 | User: 0 sec | CPU: 3.3377571e+00 sec
iIterativeAlgorithm::StepAfterSubsetLoop() -> Clean never visited voxels and save images if needed
oImageSpace::CleanNeverVisitedVoxels ...
iIterativeAlgorithm::StepBeforeSubsetLoop ... 
vAlgorithm::IterateCPU() -> Start iteration 11/60 subset 1/1
iIterativeAlgorithm::StepPreProcessInsideSubsetLoop ... 
oImageSpace::InitBackwardImage ...
oImageSpace::PrepareForwardImage ...
iIterativeAlgorithm::StepInnerLoopInsideSubsetLoop() -> Start loop over events
iIterativeAlgorithm::StepPostProcessInsideSubsetLoop ... 
oImageSpace::Reduce() -> Merge parallel results
  --> Over threads ...
oOptimizerManager::ImageUpdateStep() -> Proceed to image update
vOptimizer::UpdateVisitedVoxels() -> Tick visited voxels based on sensitivity
vOptimizer::ImageUpdateStep() -> Start image update
vAlgorithm::IterateCPU() -> Time spent for subset 1 | User: 0 sec | CPU: 3.3708079e+00 sec
iIterativeAlgorithm::StepAfterSubsetLoop() -> Clean never visited voxels and save images if needed
oImageSpace::CleanNeverVisitedVoxels ...
iIterativeAlgorithm::StepBeforeSubsetLoop ... 
vAlgorithm::IterateCPU() -> Start iteration 12/60 subset 1/1
iIterativeAlgorithm::StepPreProcessInsideSubsetLoop ... 
oImageSpace::InitBackwardImage ...
oImageSpace::PrepareForwardImage ...
iIterativeAlgorithm::StepInnerLoopInsideSubsetLoop() -> Start loop over events
iIterativeAlgorithm::StepPostProcessInsideSubsetLoop ... 
oImageSpace::Reduce() -> Merge parallel results
  --> Over threads ...
oOptimizerManager::ImageUpdateStep() -> Proceed to image update
vOptimizer::UpdateVisitedVoxels() -> Tick visited voxels based on sensitivity
vOptimizer::ImageUpdateStep() -> Start image update
vAlgorithm::IterateCPU() -> Time spent for subset 1 | User: 0 sec | CPU: 3.8610899e+00 sec
iIterativeAlgorithm::StepAfterSubsetLoop() -> Clean never visited voxels and save images if needed
oImageSpace::CleanNeverVisitedVoxels ...
iIterativeAlgorithm::StepBeforeSubsetLoop ... 
vAlgorithm::IterateCPU() -> Start iteration 13/60 subset 1/1
iIterativeAlgorithm::StepPreProcessInsideSubsetLoop ... 
oImageSpace::InitBackwardImage ...
oImageSpace::PrepareForwardImage ...
iIterativeAlgorithm::StepInnerLoopInsideSubsetLoop() -> Start loop over events
iIterativeAlgorithm::StepPostProcessInsideSubsetLoop ... 
oImageSpace::Reduce() -> Merge parallel results
  --> Over threads ...
oOptimizerManager::ImageUpdateStep() -> Proceed to image update
vOptimizer::UpdateVisitedVoxels() -> Tick visited voxels based on sensitivity
vOptimizer::ImageUpdateStep() -> Start image update
vAlgorithm::IterateCPU() -> Time spent for subset 1 | User: 0 sec | CPU: 3.3708589e+00 sec
iIterativeAlgorithm::StepAfterSubsetLoop() -> Clean never visited voxels and save images if needed
oImageSpace::CleanNeverVisitedVoxels ...
iIterativeAlgorithm::StepBeforeSubsetLoop ... 
vAlgorithm::IterateCPU() -> Start iteration 14/60 subset 1/1
iIterativeAlgorithm::StepPreProcessInsideSubsetLoop ... 
oImageSpace::InitBackwardImage ...
oImageSpace::PrepareForwardImage ...
iIterativeAlgorithm::StepInnerLoopInsideSubsetLoop() -> Start loop over events
iIterativeAlgorithm::StepPostProcessInsideSubsetLoop ... 
oImageSpace::Reduce() -> Merge parallel results
  --> Over threads ...
oOptimizerManager::ImageUpdateStep() -> Proceed to image update
vOptimizer::UpdateVisitedVoxels() -> Tick visited voxels based on sensitivity
vOptimizer::ImageUpdateStep() -> Start image update
vAlgorithm::IterateCPU() -> Time spent for subset 1 | User: 0 sec | CPU: 4.0032678e+00 sec
iIterativeAlgorithm::StepAfterSubsetLoop() -> Clean never visited voxels and save images if needed
oImageSpace::CleanNeverVisitedVoxels ...
iIterativeAlgorithm::StepBeforeSubsetLoop ... 
vAlgorithm::IterateCPU() -> Start iteration 15/60 subset 1/1
iIterativeAlgorithm::StepPreProcessInsideSubsetLoop ... 
oImageSpace::InitBackwardImage ...
oImageSpace::PrepareForwardImage ...
iIterativeAlgorithm::StepInnerLoopInsideSubsetLoop() -> Start loop over events
iIterativeAlgorithm::StepPostProcessInsideSubsetLoop ... 
oImageSpace::Reduce() -> Merge parallel results
  --> Over threads ...
oOptimizerManager::ImageUpdateStep() -> Proceed to image update
vOptimizer::UpdateVisitedVoxels() -> Tick visited voxels based on sensitivity
vOptimizer::ImageUpdateStep() -> Start image update
vAlgorithm::IterateCPU() -> Time spent for subset 1 | User: 0 sec | CPU: 3.8239701e+00 sec
iIterativeAlgorithm::StepAfterSubsetLoop() -> Clean never visited voxels and save images if needed
oImageSpace::CleanNeverVisitedVoxels ...
iIterativeAlgorithm::StepBeforeSubsetLoop ... 
vAlgorithm::IterateCPU() -> Start iteration 16/60 subset 1/1
iIterativeAlgorithm::StepPreProcessInsideSubsetLoop ... 
oImageSpace::InitBackwardImage ...
oImageSpace::PrepareForwardImage ...
iIterativeAlgorithm::StepInnerLoopInsideSubsetLoop() -> Start loop over events
iIterativeAlgorithm::StepPostProcessInsideSubsetLoop ... 
oImageSpace::Reduce() -> Merge parallel results
  --> Over threads ...
oOptimizerManager::ImageUpdateStep() -> Proceed to image update
vOptimizer::UpdateVisitedVoxels() -> Tick visited voxels based on sensitivity
vOptimizer::ImageUpdateStep() -> Start image update
vAlgorithm::IterateCPU() -> Time spent for subset 1 | User: 0 sec | CPU: 3.8257120e+00 sec
iIterativeAlgorithm::StepAfterSubsetLoop() -> Clean never visited voxels and save images if needed
oImageSpace::CleanNeverVisitedVoxels ...
iIterativeAlgorithm::StepBeforeSubsetLoop ... 
vAlgorithm::IterateCPU() -> Start iteration 17/60 subset 1/1
iIterativeAlgorithm::StepPreProcessInsideSubsetLoop ... 
oImageSpace::InitBackwardImage ...
oImageSpace::PrepareForwardImage ...
iIterativeAlgorithm::StepInnerLoopInsideSubsetLoop() -> Start loop over events
iIterativeAlgorithm::StepPostProcessInsideSubsetLoop ... 
oImageSpace::Reduce() -> Merge parallel results
  --> Over threads ...
oOptimizerManager::ImageUpdateStep() -> Proceed to image update
vOptimizer::UpdateVisitedVoxels() -> Tick visited voxels based on sensitivity
vOptimizer::ImageUpdateStep() -> Start image update
vAlgorithm::IterateCPU() -> Time spent for subset 1 | User: 0 sec | CPU: 4.0422888e+00 sec
iIterativeAlgorithm::StepAfterSubsetLoop() -> Clean never visited voxels and save images if needed
oImageSpace::CleanNeverVisitedVoxels ...
iIterativeAlgorithm::StepBeforeSubsetLoop ... 
vAlgorithm::IterateCPU() -> Start iteration 18/60 subset 1/1
iIterativeAlgorithm::StepPreProcessInsideSubsetLoop ... 
oImageSpace::InitBackwardImage ...
oImageSpace::PrepareForwardImage ...
iIterativeAlgorithm::StepInnerLoopInsideSubsetLoop() -> Start loop over events
iIterativeAlgorithm::StepPostProcessInsideSubsetLoop ... 
oImageSpace::Reduce() -> Merge parallel results
  --> Over threads ...
oOptimizerManager::ImageUpdateStep() -> Proceed to image update
vOptimizer::UpdateVisitedVoxels() -> Tick visited voxels based on sensitivity
vOptimizer::ImageUpdateStep() -> Start image update
vAlgorithm::IterateCPU() -> Time spent for subset 1 | User: 0 sec | CPU: 3.6486700e+00 sec
iIterativeAlgorithm::StepAfterSubsetLoop() -> Clean never visited voxels and save images if needed
oImageSpace::CleanNeverVisitedVoxels ...
iIterativeAlgorithm::StepBeforeSubsetLoop ... 
vAlgorithm::IterateCPU() -> Start iteration 19/60 subset 1/1
iIterativeAlgorithm::StepPreProcessInsideSubsetLoop ... 
oImageSpace::InitBackwardImage ...
oImageSpace::PrepareForwardImage ...
iIterativeAlgorithm::StepInnerLoopInsideSubsetLoop() -> Start loop over events
iIterativeAlgorithm::StepPostProcessInsideSubsetLoop ... 
oImageSpace::Reduce() -> Merge parallel results
  --> Over threads ...
oOptimizerManager::ImageUpdateStep() -> Proceed to image update
vOptimizer::UpdateVisitedVoxels() -> Tick visited voxels based on sensitivity
vOptimizer::ImageUpdateStep() -> Start image update
vAlgorithm::IterateCPU() -> Time spent for subset 1 | User: 0 sec | CPU: 3.4852359e+00 sec
iIterativeAlgorithm::StepAfterSubsetLoop() -> Clean never visited voxels and save images if needed
oImageSpace::CleanNeverVisitedVoxels ...
iIterativeAlgorithm::StepBeforeSubsetLoop ... 
vAlgorithm::IterateCPU() -> Start iteration 20/60 subset 1/1
iIterativeAlgorithm::StepPreProcessInsideSubsetLoop ... 
oImageSpace::InitBackwardImage ...
oImageSpace::PrepareForwardImage ...
iIterativeAlgorithm::StepInnerLoopInsideSubsetLoop() -> Start loop over events
iIterativeAlgorithm::StepPostProcessInsideSubsetLoop ... 
oImageSpace::Reduce() -> Merge parallel results
  --> Over threads ...
oOptimizerManager::ImageUpdateStep() -> Proceed to image update
vOptimizer::UpdateVisitedVoxels() -> Tick visited voxels based on sensitivity
vOptimizer::ImageUpdateStep() -> Start image update
vAlgorithm::IterateCPU() -> Time spent for subset 1 | User: 0 sec | CPU: 3.8189931e+00 sec
iIterativeAlgorithm::StepAfterSubsetLoop() -> Clean never visited voxels and save images if needed
oImageSpace::CleanNeverVisitedVoxels ...
iIterativeAlgorithm::StepBeforeSubsetLoop ... 
vAlgorithm::IterateCPU() -> Start iteration 21/60 subset 1/1
iIterativeAlgorithm::StepPreProcessInsideSubsetLoop ... 
oImageSpace::InitBackwardImage ...
oImageSpace::PrepareForwardImage ...
iIterativeAlgorithm::StepInnerLoopInsideSubsetLoop() -> Start loop over events
iIterativeAlgorithm::StepPostProcessInsideSubsetLoop ... 
oImageSpace::Reduce() -> Merge parallel results
  --> Over threads ...
oOptimizerManager::ImageUpdateStep() -> Proceed to image update
vOptimizer::UpdateVisitedVoxels() -> Tick visited voxels based on sensitivity
vOptimizer::ImageUpdateStep() -> Start image update
vAlgorithm::IterateCPU() -> Time spent for subset 1 | User: 0 sec | CPU: 3.9911730e+00 sec
iIterativeAlgorithm::StepAfterSubsetLoop() -> Clean never visited voxels and save images if needed
oImageSpace::CleanNeverVisitedVoxels ...
iIterativeAlgorithm::StepBeforeSubsetLoop ... 
vAlgorithm::IterateCPU() -> Start iteration 22/60 subset 1/1
iIterativeAlgorithm::StepPreProcessInsideSubsetLoop ... 
oImageSpace::InitBackwardImage ...
oImageSpace::PrepareForwardImage ...
iIterativeAlgorithm::StepInnerLoopInsideSubsetLoop() -> Start loop over events
iIterativeAlgorithm::StepPostProcessInsideSubsetLoop ... 
oImageSpace::Reduce() -> Merge parallel results
  --> Over threads ...
oOptimizerManager::ImageUpdateStep() -> Proceed to image update
vOptimizer::UpdateVisitedVoxels() -> Tick visited voxels based on sensitivity
vOptimizer::ImageUpdateStep() -> Start image update
vAlgorithm::IterateCPU() -> Time spent for subset 1 | User: 1 sec | CPU: 3.2413340e+00 sec
iIterativeAlgorithm::StepAfterSubsetLoop() -> Clean never visited voxels and save images if needed
oImageSpace::CleanNeverVisitedVoxels ...
iIterativeAlgorithm::StepBeforeSubsetLoop ... 
vAlgorithm::IterateCPU() -> Start iteration 23/60 subset 1/1
iIterativeAlgorithm::StepPreProcessInsideSubsetLoop ... 
oImageSpace::InitBackwardImage ...
oImageSpace::PrepareForwardImage ...
iIterativeAlgorithm::StepInnerLoopInsideSubsetLoop() -> Start loop over events
iIterativeAlgorithm::StepPostProcessInsideSubsetLoop ... 
oImageSpace::Reduce() -> Merge parallel results
  --> Over threads ...
oOptimizerManager::ImageUpdateStep() -> Proceed to image update
vOptimizer::UpdateVisitedVoxels() -> Tick visited voxels based on sensitivity
vOptimizer::ImageUpdateStep() -> Start image update
vAlgorithm::IterateCPU() -> Time spent for subset 1 | User: 0 sec | CPU: 9.8670000e-01 sec
iIterativeAlgorithm::StepAfterSubsetLoop() -> Clean never visited voxels and save images if needed
oImageSpace::CleanNeverVisitedVoxels ...
iIterativeAlgorithm::StepBeforeSubsetLoop ... 
vAlgorithm::IterateCPU() -> Start iteration 24/60 subset 1/1
iIterativeAlgorithm::StepPreProcessInsideSubsetLoop ... 
oImageSpace::InitBackwardImage ...
oImageSpace::PrepareForwardImage ...
iIterativeAlgorithm::StepInnerLoopInsideSubsetLoop() -> Start loop over events
iIterativeAlgorithm::StepPostProcessInsideSubsetLoop ... 
oImageSpace::Reduce() -> Merge parallel results
  --> Over threads ...
oOptimizerManager::ImageUpdateStep() -> Proceed to image update
vOptimizer::UpdateVisitedVoxels() -> Tick visited voxels based on sensitivity
vOptimizer::ImageUpdateStep() -> Start image update
vAlgorithm::IterateCPU() -> Time spent for subset 1 | User: 0 sec | CPU: 1.3974560e+00 sec
iIterativeAlgorithm::StepAfterSubsetLoop() -> Clean never visited voxels and save images if needed
oImageSpace::CleanNeverVisitedVoxels ...
iIterativeAlgorithm::StepBeforeSubsetLoop ... 
vAlgorithm::IterateCPU() -> Start iteration 25/60 subset 1/1
iIterativeAlgorithm::StepPreProcessInsideSubsetLoop ... 
oImageSpace::InitBackwardImage ...
oImageSpace::PrepareForwardImage ...
iIterativeAlgorithm::StepInnerLoopInsideSubsetLoop() -> Start loop over events
iIterativeAlgorithm::StepPostProcessInsideSubsetLoop ... 
oImageSpace::Reduce() -> Merge parallel results
  --> Over threads ...
oOptimizerManager::ImageUpdateStep() -> Proceed to image update
vOptimizer::UpdateVisitedVoxels() -> Tick visited voxels based on sensitivity
vOptimizer::ImageUpdateStep() -> Start image update
vAlgorithm::IterateCPU() -> Time spent for subset 1 | User: 0 sec | CPU: 9.9982500e-01 sec
iIterativeAlgorithm::StepAfterSubsetLoop() -> Clean never visited voxels and save images if needed
oImageSpace::CleanNeverVisitedVoxels ...
iIterativeAlgorithm::StepBeforeSubsetLoop ... 
vAlgorithm::IterateCPU() -> Start iteration 26/60 subset 1/1
iIterativeAlgorithm::StepPreProcessInsideSubsetLoop ... 
oImageSpace::InitBackwardImage ...
oImageSpace::PrepareForwardImage ...
iIterativeAlgorithm::StepInnerLoopInsideSubsetLoop() -> Start loop over events
iIterativeAlgorithm::StepPostProcessInsideSubsetLoop ... 
oImageSpace::Reduce() -> Merge parallel results
  --> Over threads ...
oOptimizerManager::ImageUpdateStep() -> Proceed to image update
vOptimizer::UpdateVisitedVoxels() -> Tick visited voxels based on sensitivity
vOptimizer::ImageUpdateStep() -> Start image update
vAlgorithm::IterateCPU() -> Time spent for subset 1 | User: 0 sec | CPU: 9.9155802e-01 sec
iIterativeAlgorithm::StepAfterSubsetLoop() -> Clean never visited voxels and save images if needed
oImageSpace::CleanNeverVisitedVoxels ...
iIterativeAlgorithm::StepBeforeSubsetLoop ... 
vAlgorithm::IterateCPU() -> Start iteration 27/60 subset 1/1
iIterativeAlgorithm::StepPreProcessInsideSubsetLoop ... 
oImageSpace::InitBackwardImage ...
oImageSpace::PrepareForwardImage ...
iIterativeAlgorithm::StepInnerLoopInsideSubsetLoop() -> Start loop over events
iIterativeAlgorithm::StepPostProcessInsideSubsetLoop ... 
oImageSpace::Reduce() -> Merge parallel results
  --> Over threads ...
oOptimizerManager::ImageUpdateStep() -> Proceed to image update
vOptimizer::UpdateVisitedVoxels() -> Tick visited voxels based on sensitivity
vOptimizer::ImageUpdateStep() -> Start image update
vAlgorithm::IterateCPU() -> Time spent for subset 1 | User: 0 sec | CPU: 9.5721900e-01 sec
iIterativeAlgorithm::StepAfterSubsetLoop() -> Clean never visited voxels and save images if needed
oImageSpace::CleanNeverVisitedVoxels ...
iIterativeAlgorithm::StepBeforeSubsetLoop ... 
vAlgorithm::IterateCPU() -> Start iteration 28/60 subset 1/1
iIterativeAlgorithm::StepPreProcessInsideSubsetLoop ... 
oImageSpace::InitBackwardImage ...
oImageSpace::PrepareForwardImage ...
iIterativeAlgorithm::StepInnerLoopInsideSubsetLoop() -> Start loop over events
iIterativeAlgorithm::StepPostProcessInsideSubsetLoop ... 
oImageSpace::Reduce() -> Merge parallel results
  --> Over threads ...
oOptimizerManager::ImageUpdateStep() -> Proceed to image update
vOptimizer::UpdateVisitedVoxels() -> Tick visited voxels based on sensitivity
vOptimizer::ImageUpdateStep() -> Start image update
vAlgorithm::IterateCPU() -> Time spent for subset 1 | User: 0 sec | CPU: 5.0599903e-01 sec
iIterativeAlgorithm::StepAfterSubsetLoop() -> Clean never visited voxels and save images if needed
oImageSpace::CleanNeverVisitedVoxels ...
iIterativeAlgorithm::StepBeforeSubsetLoop ... 
vAlgorithm::IterateCPU() -> Start iteration 29/60 subset 1/1
iIterativeAlgorithm::StepPreProcessInsideSubsetLoop ... 
oImageSpace::InitBackwardImage ...
oImageSpace::PrepareForwardImage ...
iIterativeAlgorithm::StepInnerLoopInsideSubsetLoop() -> Start loop over events
iIterativeAlgorithm::StepPostProcessInsideSubsetLoop ... 
oImageSpace::Reduce() -> Merge parallel results
  --> Over threads ...
oOptimizerManager::ImageUpdateStep() -> Proceed to image update
vOptimizer::UpdateVisitedVoxels() -> Tick visited voxels based on sensitivity
vOptimizer::ImageUpdateStep() -> Start image update
vAlgorithm::IterateCPU() -> Time spent for subset 1 | User: 0 sec | CPU: 9.9571699e-01 sec
iIterativeAlgorithm::StepAfterSubsetLoop() -> Clean never visited voxels and save images if needed
oImageSpace::CleanNeverVisitedVoxels ...
iIterativeAlgorithm::StepBeforeSubsetLoop ... 
vAlgorithm::IterateCPU() -> Start iteration 30/60 subset 1/1
iIterativeAlgorithm::StepPreProcessInsideSubsetLoop ... 
oImageSpace::InitBackwardImage ...
oImageSpace::PrepareForwardImage ...
iIterativeAlgorithm::StepInnerLoopInsideSubsetLoop() -> Start loop over events
iIterativeAlgorithm::StepPostProcessInsideSubsetLoop ... 
oImageSpace::Reduce() -> Merge parallel results
  --> Over threads ...
oOptimizerManager::ImageUpdateStep() -> Proceed to image update
vOptimizer::UpdateVisitedVoxels() -> Tick visited voxels based on sensitivity
vOptimizer::ImageUpdateStep() -> Start image update
vAlgorithm::IterateCPU() -> Time spent for subset 1 | User: 0 sec | CPU: 5.1053602e-01 sec
iIterativeAlgorithm::StepAfterSubsetLoop() -> Clean never visited voxels and save images if needed
oImageSpace::CleanNeverVisitedVoxels ...
iIterativeAlgorithm::StepBeforeSubsetLoop ... 
vAlgorithm::IterateCPU() -> Start iteration 31/60 subset 1/1
iIterativeAlgorithm::StepPreProcessInsideSubsetLoop ... 
oImageSpace::InitBackwardImage ...
oImageSpace::PrepareForwardImage ...
iIterativeAlgorithm::StepInnerLoopInsideSubsetLoop() -> Start loop over events
iIterativeAlgorithm::StepPostProcessInsideSubsetLoop ... 
oImageSpace::Reduce() -> Merge parallel results
  --> Over threads ...
oOptimizerManager::ImageUpdateStep() -> Proceed to image update
vOptimizer::UpdateVisitedVoxels() -> Tick visited voxels based on sensitivity
vOptimizer::ImageUpdateStep() -> Start image update
vAlgorithm::IterateCPU() -> Time spent for subset 1 | User: 0 sec | CPU: 5.0360101e-01 sec
iIterativeAlgorithm::StepAfterSubsetLoop() -> Clean never visited voxels and save images if needed
oImageSpace::CleanNeverVisitedVoxels ...
iIterativeAlgorithm::StepBeforeSubsetLoop ... 
vAlgorithm::IterateCPU() -> Start iteration 32/60 subset 1/1
iIterativeAlgorithm::StepPreProcessInsideSubsetLoop ... 
oImageSpace::InitBackwardImage ...
oImageSpace::PrepareForwardImage ...
iIterativeAlgorithm::StepInnerLoopInsideSubsetLoop() -> Start loop over events
iIterativeAlgorithm::StepPostProcessInsideSubsetLoop ... 
oImageSpace::Reduce() -> Merge parallel results
  --> Over threads ...
oOptimizerManager::ImageUpdateStep() -> Proceed to image update
vOptimizer::UpdateVisitedVoxels() -> Tick visited voxels based on sensitivity
vOptimizer::ImageUpdateStep() -> Start image update
vAlgorithm::IterateCPU() -> Time spent for subset 1 | User: 0 sec | CPU: 5.0899202e-01 sec
iIterativeAlgorithm::StepAfterSubsetLoop() -> Clean never visited voxels and save images if needed
oImageSpace::CleanNeverVisitedVoxels ...
iIterativeAlgorithm::StepBeforeSubsetLoop ... 
vAlgorithm::IterateCPU() -> Start iteration 33/60 subset 1/1
iIterativeAlgorithm::StepPreProcessInsideSubsetLoop ... 
oImageSpace::InitBackwardImage ...
oImageSpace::PrepareForwardImage ...
iIterativeAlgorithm::StepInnerLoopInsideSubsetLoop() -> Start loop over events
iIterativeAlgorithm::StepPostProcessInsideSubsetLoop ... 
oImageSpace::Reduce() -> Merge parallel results
  --> Over threads ...
oOptimizerManager::ImageUpdateStep() -> Proceed to image update
vOptimizer::UpdateVisitedVoxels() -> Tick visited voxels based on sensitivity
vOptimizer::ImageUpdateStep() -> Start image update
vAlgorithm::IterateCPU() -> Time spent for subset 1 | User: 0 sec | CPU: 5.0129902e-01 sec
iIterativeAlgorithm::StepAfterSubsetLoop() -> Clean never visited voxels and save images if needed
oImageSpace::CleanNeverVisitedVoxels ...
iIterativeAlgorithm::StepBeforeSubsetLoop ... 
vAlgorithm::IterateCPU() -> Start iteration 34/60 subset 1/1
iIterativeAlgorithm::StepPreProcessInsideSubsetLoop ... 
oImageSpace::InitBackwardImage ...
oImageSpace::PrepareForwardImage ...
iIterativeAlgorithm::StepInnerLoopInsideSubsetLoop() -> Start loop over events
iIterativeAlgorithm::StepPostProcessInsideSubsetLoop ... 
oImageSpace::Reduce() -> Merge parallel results
  --> Over threads ...
oOptimizerManager::ImageUpdateStep() -> Proceed to image update
vOptimizer::UpdateVisitedVoxels() -> Tick visited voxels based on sensitivity
vOptimizer::ImageUpdateStep() -> Start image update
vAlgorithm::IterateCPU() -> Time spent for subset 1 | User: 0 sec | CPU: 1.5979190e+00 sec
iIterativeAlgorithm::StepAfterSubsetLoop() -> Clean never visited voxels and save images if needed
oImageSpace::CleanNeverVisitedVoxels ...
iIterativeAlgorithm::StepBeforeSubsetLoop ... 
vAlgorithm::IterateCPU() -> Start iteration 35/60 subset 1/1
iIterativeAlgorithm::StepPreProcessInsideSubsetLoop ... 
oImageSpace::InitBackwardImage ...
oImageSpace::PrepareForwardImage ...
iIterativeAlgorithm::StepInnerLoopInsideSubsetLoop() -> Start loop over events
iIterativeAlgorithm::StepPostProcessInsideSubsetLoop ... 
oImageSpace::Reduce() -> Merge parallel results
  --> Over threads ...
oOptimizerManager::ImageUpdateStep() -> Proceed to image update
vOptimizer::UpdateVisitedVoxels() -> Tick visited voxels based on sensitivity
vOptimizer::ImageUpdateStep() -> Start image update
vAlgorithm::IterateCPU() -> Time spent for subset 1 | User: 0 sec | CPU: 3.4663301e+00 sec
iIterativeAlgorithm::StepAfterSubsetLoop() -> Clean never visited voxels and save images if needed
oImageSpace::CleanNeverVisitedVoxels ...
iIterativeAlgorithm::StepBeforeSubsetLoop ... 
vAlgorithm::IterateCPU() -> Start iteration 36/60 subset 1/1
iIterativeAlgorithm::StepPreProcessInsideSubsetLoop ... 
oImageSpace::InitBackwardImage ...
oImageSpace::PrepareForwardImage ...
iIterativeAlgorithm::StepInnerLoopInsideSubsetLoop() -> Start loop over events
iIterativeAlgorithm::StepPostProcessInsideSubsetLoop ... 
oImageSpace::Reduce() -> Merge parallel results
  --> Over threads ...
oOptimizerManager::ImageUpdateStep() -> Proceed to image update
vOptimizer::UpdateVisitedVoxels() -> Tick visited voxels based on sensitivity
vOptimizer::ImageUpdateStep() -> Start image update
vAlgorithm::IterateCPU() -> Time spent for subset 1 | User: 0 sec | CPU: 1.9586450e+00 sec
iIterativeAlgorithm::StepAfterSubsetLoop() -> Clean never visited voxels and save images if needed
oImageSpace::CleanNeverVisitedVoxels ...
iIterativeAlgorithm::StepBeforeSubsetLoop ... 
vAlgorithm::IterateCPU() -> Start iteration 37/60 subset 1/1
iIterativeAlgorithm::StepPreProcessInsideSubsetLoop ... 
oImageSpace::InitBackwardImage ...
oImageSpace::PrepareForwardImage ...
iIterativeAlgorithm::StepInnerLoopInsideSubsetLoop() -> Start loop over events
iIterativeAlgorithm::StepPostProcessInsideSubsetLoop ... 
oImageSpace::Reduce() -> Merge parallel results
  --> Over threads ...
oOptimizerManager::ImageUpdateStep() -> Proceed to image update
vOptimizer::UpdateVisitedVoxels() -> Tick visited voxels based on sensitivity
vOptimizer::ImageUpdateStep() -> Start image update
vAlgorithm::IterateCPU() -> Time spent for subset 1 | User: 0 sec | CPU: 5.0536299e-01 sec
iIterativeAlgorithm::StepAfterSubsetLoop() -> Clean never visited voxels and save images if needed
oImageSpace::CleanNeverVisitedVoxels ...
iIterativeAlgorithm::StepBeforeSubsetLoop ... 
vAlgorithm::IterateCPU() -> Start iteration 38/60 subset 1/1
iIterativeAlgorithm::StepPreProcessInsideSubsetLoop ... 
oImageSpace::InitBackwardImage ...
oImageSpace::PrepareForwardImage ...
iIterativeAlgorithm::StepInnerLoopInsideSubsetLoop() -> Start loop over events
iIterativeAlgorithm::StepPostProcessInsideSubsetLoop ... 
oImageSpace::Reduce() -> Merge parallel results
  --> Over threads ...
oOptimizerManager::ImageUpdateStep() -> Proceed to image update
vOptimizer::UpdateVisitedVoxels() -> Tick visited voxels based on sensitivity
vOptimizer::ImageUpdateStep() -> Start image update
vAlgorithm::IterateCPU() -> Time spent for subset 1 | User: 0 sec | CPU: 5.0387400e-01 sec
iIterativeAlgorithm::StepAfterSubsetLoop() -> Clean never visited voxels and save images if needed
oImageSpace::CleanNeverVisitedVoxels ...
iIterativeAlgorithm::StepBeforeSubsetLoop ... 
vAlgorithm::IterateCPU() -> Start iteration 39/60 subset 1/1
iIterativeAlgorithm::StepPreProcessInsideSubsetLoop ... 
oImageSpace::InitBackwardImage ...
oImageSpace::PrepareForwardImage ...
iIterativeAlgorithm::StepInnerLoopInsideSubsetLoop() -> Start loop over events
iIterativeAlgorithm::StepPostProcessInsideSubsetLoop ... 
oImageSpace::Reduce() -> Merge parallel results
  --> Over threads ...
oOptimizerManager::ImageUpdateStep() -> Proceed to image update
vOptimizer::UpdateVisitedVoxels() -> Tick visited voxels based on sensitivity
vOptimizer::ImageUpdateStep() -> Start image update
vAlgorithm::IterateCPU() -> Time spent for subset 1 | User: 0 sec | CPU: 9.2191201e-01 sec
iIterativeAlgorithm::StepAfterSubsetLoop() -> Clean never visited voxels and save images if needed
oImageSpace::CleanNeverVisitedVoxels ...
iIterativeAlgorithm::StepBeforeSubsetLoop ... 
vAlgorithm::IterateCPU() -> Start iteration 40/60 subset 1/1
iIterativeAlgorithm::StepPreProcessInsideSubsetLoop ... 
oImageSpace::InitBackwardImage ...
oImageSpace::PrepareForwardImage ...
iIterativeAlgorithm::StepInnerLoopInsideSubsetLoop() -> Start loop over events
iIterativeAlgorithm::StepPostProcessInsideSubsetLoop ... 
oImageSpace::Reduce() -> Merge parallel results
  --> Over threads ...
oOptimizerManager::ImageUpdateStep() -> Proceed to image update
vOptimizer::UpdateVisitedVoxels() -> Tick visited voxels based on sensitivity
vOptimizer::ImageUpdateStep() -> Start image update
vAlgorithm::IterateCPU() -> Time spent for subset 1 | User: 0 sec | CPU: 3.7173820e+00 sec
iIterativeAlgorithm::StepAfterSubsetLoop() -> Clean never visited voxels and save images if needed
oImageSpace::CleanNeverVisitedVoxels ...
iIterativeAlgorithm::StepBeforeSubsetLoop ... 
vAlgorithm::IterateCPU() -> Start iteration 41/60 subset 1/1
iIterativeAlgorithm::StepPreProcessInsideSubsetLoop ... 
oImageSpace::InitBackwardImage ...
oImageSpace::PrepareForwardImage ...
iIterativeAlgorithm::StepInnerLoopInsideSubsetLoop() -> Start loop over events
iIterativeAlgorithm::StepPostProcessInsideSubsetLoop ... 
oImageSpace::Reduce() -> Merge parallel results
  --> Over threads ...
oOptimizerManager::ImageUpdateStep() -> Proceed to image update
vOptimizer::UpdateVisitedVoxels() -> Tick visited voxels based on sensitivity
vOptimizer::ImageUpdateStep() -> Start image update
vAlgorithm::IterateCPU() -> Time spent for subset 1 | User: 0 sec | CPU: 2.7167461e+00 sec
iIterativeAlgorithm::StepAfterSubsetLoop() -> Clean never visited voxels and save images if needed
oImageSpace::CleanNeverVisitedVoxels ...
iIterativeAlgorithm::StepBeforeSubsetLoop ... 
vAlgorithm::IterateCPU() -> Start iteration 42/60 subset 1/1
iIterativeAlgorithm::StepPreProcessInsideSubsetLoop ... 
oImageSpace::InitBackwardImage ...
oImageSpace::PrepareForwardImage ...
iIterativeAlgorithm::StepInnerLoopInsideSubsetLoop() -> Start loop over events
iIterativeAlgorithm::StepPostProcessInsideSubsetLoop ... 
oImageSpace::Reduce() -> Merge parallel results
  --> Over threads ...
oOptimizerManager::ImageUpdateStep() -> Proceed to image update
vOptimizer::UpdateVisitedVoxels() -> Tick visited voxels based on sensitivity
vOptimizer::ImageUpdateStep() -> Start image update
vAlgorithm::IterateCPU() -> Time spent for subset 1 | User: 0 sec | CPU: 2.5075340e+00 sec
iIterativeAlgorithm::StepAfterSubsetLoop() -> Clean never visited voxels and save images if needed
oImageSpace::CleanNeverVisitedVoxels ...
iIterativeAlgorithm::StepBeforeSubsetLoop ... 
vAlgorithm::IterateCPU() -> Start iteration 43/60 subset 1/1
iIterativeAlgorithm::StepPreProcessInsideSubsetLoop ... 
oImageSpace::InitBackwardImage ...
oImageSpace::PrepareForwardImage ...
iIterativeAlgorithm::StepInnerLoopInsideSubsetLoop() -> Start loop over events
iIterativeAlgorithm::StepPostProcessInsideSubsetLoop ... 
oImageSpace::Reduce() -> Merge parallel results
  --> Over threads ...
oOptimizerManager::ImageUpdateStep() -> Proceed to image update
vOptimizer::UpdateVisitedVoxels() -> Tick visited voxels based on sensitivity
vOptimizer::ImageUpdateStep() -> Start image update
vAlgorithm::IterateCPU() -> Time spent for subset 1 | User: 0 sec | CPU: 3.6963899e+00 sec
iIterativeAlgorithm::StepAfterSubsetLoop() -> Clean never visited voxels and save images if needed
oImageSpace::CleanNeverVisitedVoxels ...
iIterativeAlgorithm::StepBeforeSubsetLoop ... 
vAlgorithm::IterateCPU() -> Start iteration 44/60 subset 1/1
iIterativeAlgorithm::StepPreProcessInsideSubsetLoop ... 
oImageSpace::InitBackwardImage ...
oImageSpace::PrepareForwardImage ...
iIterativeAlgorithm::StepInnerLoopInsideSubsetLoop() -> Start loop over events
iIterativeAlgorithm::StepPostProcessInsideSubsetLoop ... 
oImageSpace::Reduce() -> Merge parallel results
  --> Over threads ...
oOptimizerManager::ImageUpdateStep() -> Proceed to image update
vOptimizer::UpdateVisitedVoxels() -> Tick visited voxels based on sensitivity
vOptimizer::ImageUpdateStep() -> Start image update
vAlgorithm::IterateCPU() -> Time spent for subset 1 | User: 0 sec | CPU: 2.3473589e+00 sec
iIterativeAlgorithm::StepAfterSubsetLoop() -> Clean never visited voxels and save images if needed
oImageSpace::CleanNeverVisitedVoxels ...
iIterativeAlgorithm::StepBeforeSubsetLoop ... 
vAlgorithm::IterateCPU() -> Start iteration 45/60 subset 1/1
iIterativeAlgorithm::StepPreProcessInsideSubsetLoop ... 
oImageSpace::InitBackwardImage ...
oImageSpace::PrepareForwardImage ...
iIterativeAlgorithm::StepInnerLoopInsideSubsetLoop() -> Start loop over events
iIterativeAlgorithm::StepPostProcessInsideSubsetLoop ... 
oImageSpace::Reduce() -> Merge parallel results
  --> Over threads ...
oOptimizerManager::ImageUpdateStep() -> Proceed to image update
vOptimizer::UpdateVisitedVoxels() -> Tick visited voxels based on sensitivity
vOptimizer::ImageUpdateStep() -> Start image update
vAlgorithm::IterateCPU() -> Time spent for subset 1 | User: 0 sec | CPU: 5.0568599e-01 sec
iIterativeAlgorithm::StepAfterSubsetLoop() -> Clean never visited voxels and save images if needed
oImageSpace::CleanNeverVisitedVoxels ...
iIterativeAlgorithm::StepBeforeSubsetLoop ... 
vAlgorithm::IterateCPU() -> Start iteration 46/60 subset 1/1
iIterativeAlgorithm::StepPreProcessInsideSubsetLoop ... 
oImageSpace::InitBackwardImage ...
oImageSpace::PrepareForwardImage ...
iIterativeAlgorithm::StepInnerLoopInsideSubsetLoop() -> Start loop over events
iIterativeAlgorithm::StepPostProcessInsideSubsetLoop ... 
oImageSpace::Reduce() -> Merge parallel results
  --> Over threads ...
oOptimizerManager::ImageUpdateStep() -> Proceed to image update
vOptimizer::UpdateVisitedVoxels() -> Tick visited voxels based on sensitivity
vOptimizer::ImageUpdateStep() -> Start image update
vAlgorithm::IterateCPU() -> Time spent for subset 1 | User: 0 sec | CPU: 5.0458300e-01 sec
iIterativeAlgorithm::StepAfterSubsetLoop() -> Clean never visited voxels and save images if needed
oImageSpace::CleanNeverVisitedVoxels ...
iIterativeAlgorithm::StepBeforeSubsetLoop ... 
vAlgorithm::IterateCPU() -> Start iteration 47/60 subset 1/1
iIterativeAlgorithm::StepPreProcessInsideSubsetLoop ... 
oImageSpace::InitBackwardImage ...
oImageSpace::PrepareForwardImage ...
iIterativeAlgorithm::StepInnerLoopInsideSubsetLoop() -> Start loop over events
iIterativeAlgorithm::StepPostProcessInsideSubsetLoop ... 
oImageSpace::Reduce() -> Merge parallel results
  --> Over threads ...
oOptimizerManager::ImageUpdateStep() -> Proceed to image update
vOptimizer::UpdateVisitedVoxels() -> Tick visited voxels based on sensitivity
vOptimizer::ImageUpdateStep() -> Start image update
vAlgorithm::IterateCPU() -> Time spent for subset 1 | User: 0 sec | CPU: 1.9378780e+00 sec
iIterativeAlgorithm::StepAfterSubsetLoop() -> Clean never visited voxels and save images if needed
oImageSpace::CleanNeverVisitedVoxels ...
iIterativeAlgorithm::StepBeforeSubsetLoop ... 
vAlgorithm::IterateCPU() -> Start iteration 48/60 subset 1/1
iIterativeAlgorithm::StepPreProcessInsideSubsetLoop ... 
oImageSpace::InitBackwardImage ...
oImageSpace::PrepareForwardImage ...
iIterativeAlgorithm::StepInnerLoopInsideSubsetLoop() -> Start loop over events
iIterativeAlgorithm::StepPostProcessInsideSubsetLoop ... 
oImageSpace::Reduce() -> Merge parallel results
  --> Over threads ...
oOptimizerManager::ImageUpdateStep() -> Proceed to image update
vOptimizer::UpdateVisitedVoxels() -> Tick visited voxels based on sensitivity
vOptimizer::ImageUpdateStep() -> Start image update
vAlgorithm::IterateCPU() -> Time spent for subset 1 | User: 0 sec | CPU: 2.4422021e+00 sec
iIterativeAlgorithm::StepAfterSubsetLoop() -> Clean never visited voxels and save images if needed
oImageSpace::CleanNeverVisitedVoxels ...
iIterativeAlgorithm::StepBeforeSubsetLoop ... 
vAlgorithm::IterateCPU() -> Start iteration 49/60 subset 1/1
iIterativeAlgorithm::StepPreProcessInsideSubsetLoop ... 
oImageSpace::InitBackwardImage ...
oImageSpace::PrepareForwardImage ...
iIterativeAlgorithm::StepInnerLoopInsideSubsetLoop() -> Start loop over events
iIterativeAlgorithm::StepPostProcessInsideSubsetLoop ... 
oImageSpace::Reduce() -> Merge parallel results
  --> Over threads ...
oOptimizerManager::ImageUpdateStep() -> Proceed to image update
vOptimizer::UpdateVisitedVoxels() -> Tick visited voxels based on sensitivity
vOptimizer::ImageUpdateStep() -> Start image update
vAlgorithm::IterateCPU() -> Time spent for subset 1 | User: 0 sec | CPU: 3.4292550e+00 sec
iIterativeAlgorithm::StepAfterSubsetLoop() -> Clean never visited voxels and save images if needed
oImageSpace::CleanNeverVisitedVoxels ...
iIterativeAlgorithm::StepBeforeSubsetLoop ... 
vAlgorithm::IterateCPU() -> Start iteration 50/60 subset 1/1
iIterativeAlgorithm::StepPreProcessInsideSubsetLoop ... 
oImageSpace::InitBackwardImage ...
oImageSpace::PrepareForwardImage ...
iIterativeAlgorithm::StepInnerLoopInsideSubsetLoop() -> Start loop over events
iIterativeAlgorithm::StepPostProcessInsideSubsetLoop ... 
oImageSpace::Reduce() -> Merge parallel results
  --> Over threads ...
oOptimizerManager::ImageUpdateStep() -> Proceed to image update
vOptimizer::UpdateVisitedVoxels() -> Tick visited voxels based on sensitivity
vOptimizer::ImageUpdateStep() -> Start image update
vAlgorithm::IterateCPU() -> Time spent for subset 1 | User: 0 sec | CPU: 3.5540659e+00 sec
iIterativeAlgorithm::StepAfterSubsetLoop() -> Clean never visited voxels and save images if needed
oImageSpace::CleanNeverVisitedVoxels ...
iIterativeAlgorithm::StepBeforeSubsetLoop ... 
vAlgorithm::IterateCPU() -> Start iteration 51/60 subset 1/1
iIterativeAlgorithm::StepPreProcessInsideSubsetLoop ... 
oImageSpace::InitBackwardImage ...
oImageSpace::PrepareForwardImage ...
iIterativeAlgorithm::StepInnerLoopInsideSubsetLoop() -> Start loop over events
iIterativeAlgorithm::StepPostProcessInsideSubsetLoop ... 
oImageSpace::Reduce() -> Merge parallel results
  --> Over threads ...
oOptimizerManager::ImageUpdateStep() -> Proceed to image update
vOptimizer::UpdateVisitedVoxels() -> Tick visited voxels based on sensitivity
vOptimizer::ImageUpdateStep() -> Start image update
vAlgorithm::IterateCPU() -> Time spent for subset 1 | User: 0 sec | CPU: 1.9727900e+00 sec
iIterativeAlgorithm::StepAfterSubsetLoop() -> Clean never visited voxels and save images if needed
oImageSpace::CleanNeverVisitedVoxels ...
iIterativeAlgorithm::StepBeforeSubsetLoop ... 
vAlgorithm::IterateCPU() -> Start iteration 52/60 subset 1/1
iIterativeAlgorithm::StepPreProcessInsideSubsetLoop ... 
oImageSpace::InitBackwardImage ...
oImageSpace::PrepareForwardImage ...
iIterativeAlgorithm::StepInnerLoopInsideSubsetLoop() -> Start loop over events
iIterativeAlgorithm::StepPostProcessInsideSubsetLoop ... 
oImageSpace::Reduce() -> Merge parallel results
  --> Over threads ...
oOptimizerManager::ImageUpdateStep() -> Proceed to image update
vOptimizer::UpdateVisitedVoxels() -> Tick visited voxels based on sensitivity
vOptimizer::ImageUpdateStep() -> Start image update
vAlgorithm::IterateCPU() -> Time spent for subset 1 | User: 0 sec | CPU: 5.1624501e-01 sec
iIterativeAlgorithm::StepAfterSubsetLoop() -> Clean never visited voxels and save images if needed
oImageSpace::CleanNeverVisitedVoxels ...
iIterativeAlgorithm::StepBeforeSubsetLoop ... 
vAlgorithm::IterateCPU() -> Start iteration 53/60 subset 1/1
iIterativeAlgorithm::StepPreProcessInsideSubsetLoop ... 
oImageSpace::InitBackwardImage ...
oImageSpace::PrepareForwardImage ...
iIterativeAlgorithm::StepInnerLoopInsideSubsetLoop() -> Start loop over events
iIterativeAlgorithm::StepPostProcessInsideSubsetLoop ... 
oImageSpace::Reduce() -> Merge parallel results
  --> Over threads ...
oOptimizerManager::ImageUpdateStep() -> Proceed to image update
vOptimizer::UpdateVisitedVoxels() -> Tick visited voxels based on sensitivity
vOptimizer::ImageUpdateStep() -> Start image update
vAlgorithm::IterateCPU() -> Time spent for subset 1 | User: 0 sec | CPU: 9.8762298e-01 sec
iIterativeAlgorithm::StepAfterSubsetLoop() -> Clean never visited voxels and save images if needed
oImageSpace::CleanNeverVisitedVoxels ...
iIterativeAlgorithm::StepBeforeSubsetLoop ... 
vAlgorithm::IterateCPU() -> Start iteration 54/60 subset 1/1
iIterativeAlgorithm::StepPreProcessInsideSubsetLoop ... 
oImageSpace::InitBackwardImage ...
oImageSpace::PrepareForwardImage ...
iIterativeAlgorithm::StepInnerLoopInsideSubsetLoop() -> Start loop over events
iIterativeAlgorithm::StepPostProcessInsideSubsetLoop ... 
oImageSpace::Reduce() -> Merge parallel results
  --> Over threads ...
oOptimizerManager::ImageUpdateStep() -> Proceed to image update
vOptimizer::UpdateVisitedVoxels() -> Tick visited voxels based on sensitivity
vOptimizer::ImageUpdateStep() -> Start image update
vAlgorithm::IterateCPU() -> Time spent for subset 1 | User: 0 sec | CPU: 5.0932997e-01 sec
iIterativeAlgorithm::StepAfterSubsetLoop() -> Clean never visited voxels and save images if needed
oImageSpace::CleanNeverVisitedVoxels ...
iIterativeAlgorithm::StepBeforeSubsetLoop ... 
vAlgorithm::IterateCPU() -> Start iteration 55/60 subset 1/1
iIterativeAlgorithm::StepPreProcessInsideSubsetLoop ... 
oImageSpace::InitBackwardImage ...
oImageSpace::PrepareForwardImage ...
iIterativeAlgorithm::StepInnerLoopInsideSubsetLoop() -> Start loop over events
iIterativeAlgorithm::StepPostProcessInsideSubsetLoop ... 
oImageSpace::Reduce() -> Merge parallel results
  --> Over threads ...
oOptimizerManager::ImageUpdateStep() -> Proceed to image update
vOptimizer::UpdateVisitedVoxels() -> Tick visited voxels based on sensitivity
vOptimizer::ImageUpdateStep() -> Start image update
vAlgorithm::IterateCPU() -> Time spent for subset 1 | User: 0 sec | CPU: 5.0224501e-01 sec
iIterativeAlgorithm::StepAfterSubsetLoop() -> Clean never visited voxels and save images if needed
oImageSpace::CleanNeverVisitedVoxels ...
iIterativeAlgorithm::StepBeforeSubsetLoop ... 
vAlgorithm::IterateCPU() -> Start iteration 56/60 subset 1/1
iIterativeAlgorithm::StepPreProcessInsideSubsetLoop ... 
oImageSpace::InitBackwardImage ...
oImageSpace::PrepareForwardImage ...
iIterativeAlgorithm::StepInnerLoopInsideSubsetLoop() -> Start loop over events
iIterativeAlgorithm::StepPostProcessInsideSubsetLoop ... 
oImageSpace::Reduce() -> Merge parallel results
  --> Over threads ...
oOptimizerManager::ImageUpdateStep() -> Proceed to image update
vOptimizer::UpdateVisitedVoxels() -> Tick visited voxels based on sensitivity
vOptimizer::ImageUpdateStep() -> Start image update
vAlgorithm::IterateCPU() -> Time spent for subset 1 | User: 0 sec | CPU: 2.5023041e+00 sec
iIterativeAlgorithm::StepAfterSubsetLoop() -> Clean never visited voxels and save images if needed
oImageSpace::CleanNeverVisitedVoxels ...
iIterativeAlgorithm::StepBeforeSubsetLoop ... 
vAlgorithm::IterateCPU() -> Start iteration 57/60 subset 1/1
iIterativeAlgorithm::StepPreProcessInsideSubsetLoop ... 
oImageSpace::InitBackwardImage ...
oImageSpace::PrepareForwardImage ...
iIterativeAlgorithm::StepInnerLoopInsideSubsetLoop() -> Start loop over events
iIterativeAlgorithm::StepPostProcessInsideSubsetLoop ... 
oImageSpace::Reduce() -> Merge parallel results
  --> Over threads ...
oOptimizerManager::ImageUpdateStep() -> Proceed to image update
vOptimizer::UpdateVisitedVoxels() -> Tick visited voxels based on sensitivity
vOptimizer::ImageUpdateStep() -> Start image update
vAlgorithm::IterateCPU() -> Time spent for subset 1 | User: 1 sec | CPU: 1.0069931e+00 sec
iIterativeAlgorithm::StepAfterSubsetLoop() -> Clean never visited voxels and save images if needed
oImageSpace::CleanNeverVisitedVoxels ...
iIterativeAlgorithm::StepBeforeSubsetLoop ... 
vAlgorithm::IterateCPU() -> Start iteration 58/60 subset 1/1
iIterativeAlgorithm::StepPreProcessInsideSubsetLoop ... 
oImageSpace::InitBackwardImage ...
oImageSpace::PrepareForwardImage ...
iIterativeAlgorithm::StepInnerLoopInsideSubsetLoop() -> Start loop over events
iIterativeAlgorithm::StepPostProcessInsideSubsetLoop ... 
oImageSpace::Reduce() -> Merge parallel results
  --> Over threads ...
oOptimizerManager::ImageUpdateStep() -> Proceed to image update
vOptimizer::UpdateVisitedVoxels() -> Tick visited voxels based on sensitivity
vOptimizer::ImageUpdateStep() -> Start image update
vAlgorithm::IterateCPU() -> Time spent for subset 1 | User: 0 sec | CPU: 1.4954540e+00 sec
iIterativeAlgorithm::StepAfterSubsetLoop() -> Clean never visited voxels and save images if needed
oImageSpace::CleanNeverVisitedVoxels ...
iIterativeAlgorithm::StepBeforeSubsetLoop ... 
vAlgorithm::IterateCPU() -> Start iteration 59/60 subset 1/1
iIterativeAlgorithm::StepPreProcessInsideSubsetLoop ... 
oImageSpace::InitBackwardImage ...
oImageSpace::PrepareForwardImage ...
iIterativeAlgorithm::StepInnerLoopInsideSubsetLoop() -> Start loop over events
iIterativeAlgorithm::StepPostProcessInsideSubsetLoop ... 
oImageSpace::Reduce() -> Merge parallel results
  --> Over threads ...
oOptimizerManager::ImageUpdateStep() -> Proceed to image update
vOptimizer::UpdateVisitedVoxels() -> Tick visited voxels based on sensitivity
vOptimizer::ImageUpdateStep() -> Start image update
vAlgorithm::IterateCPU() -> Time spent for subset 1 | User: 0 sec | CPU: 4.9641699e-01 sec
iIterativeAlgorithm::StepAfterSubsetLoop() -> Clean never visited voxels and save images if needed
oImageSpace::CleanNeverVisitedVoxels ...
iIterativeAlgorithm::StepBeforeSubsetLoop ... 
vAlgorithm::IterateCPU() -> Start iteration 60/60 subset 1/1
iIterativeAlgorithm::StepPreProcessInsideSubsetLoop ... 
oImageSpace::InitBackwardImage ...
oImageSpace::PrepareForwardImage ...
iIterativeAlgorithm::StepInnerLoopInsideSubsetLoop() -> Start loop over events
iIterativeAlgorithm::StepPostProcessInsideSubsetLoop ... 
oImageSpace::Reduce() -> Merge parallel results
  --> Over threads ...
oOptimizerManager::ImageUpdateStep() -> Proceed to image update
vOptimizer::UpdateVisitedVoxels() -> Tick visited voxels based on sensitivity
vOptimizer::ImageUpdateStep() -> Start image update
oImageSpace::SaveSensitivityImage ...
IntfWriteImgFile (static/dynamic image) ...
vAlgorithm::IterateCPU() -> Time spent for subset 1 | User: 0 sec | CPU: 5.0132900e-01 sec
iIterativeAlgorithm::StepAfterSubsetLoop() -> Clean never visited voxels and save images if needed
oImageSpace::CleanNeverVisitedVoxels ...
iIterativeAlgorithm::StepAfterSubsetLoop() -> Save image at iteration 60
oImageSpace::PrepareForwardImage ...
oImageSpace::SaveOutputImage ...
IntfWriteImgFile (static/dynamic image) ...
vAlgorithm::StepAfterIterationLoop ... 
oImageSpace::DeallocateSensitivityImage() -> Free memory
oImageSpace::DeallocateForwardImage() -> Free memory
oImageSpace::DeallocateImage() -> Free memory
oImageSpace::DeallocateOutputImage ...
oImageSpace::InstantiateVisitedVoxelsImage ...
iIterativeAlgorithm::StepAfterIterationLoop ... 
oImageSpace::DeallocateBackwardImageFromDynamicBasis() -> Free memory
vAlgorithm::IterateCPU() -> Total time spent | User: 3 sec | CPU: 1.3676369e+02 sec
vAlgorithm::IterateCPU() -> Total time spent | User: 3 sec | CPU: 1.3676369e+02 sec
sChronoManager::Display() -> Results from the profiling
  --> Profiling of the data update step:
    | Datafile management: 00 hours 00 mins 00 secs 013 ms
    | Dynamic management: 00 hours 00 mins 00 secs 002 ms
    | Projection management: 00 hours 00 mins 00 secs 126 ms
    | Optimizer management: 00 hours 00 mins 00 secs 069 ms
  --> Profiling of the convolution steps: 00 hours 00 mins 00 secs 000 ms
  --> Custom update step 1: 00 hours 00 mins 00 secs 000 ms

